2023-11-23 16:07:42,183 - Введена верхняя граница N: 7
2023-11-23 16:07:42,184 - Введенно количество попыток k: 3
2023-11-23 16:07:42,184 - Начинаем игру с  N=7 и k=3
2023-11-23 16:07:42,184 - Загаданное число: 7
2023-11-23 16:07:43,406 - Попытка пользовотеля: 5
2023-11-23 16:07:43,406 - Загаданное число больше введенного чсла пользователя.
2023-11-23 16:07:47,378 - Попытка пользовотеля: 6
2023-11-23 16:07:47,378 - Загаданное число больше введенного чсла пользователя.
2023-11-23 16:07:48,670 - Попытка пользовотеля: 7
2023-11-23 16:07:48,670 - Пользователь угадал число.
2023-11-23 16:08:42,653 - Введена верхняя граница N: 10
2023-11-23 16:08:42,654 - Введенно количество попыток k: 5
2023-11-23 16:08:42,654 - Начинаем игру с  N=10 и k=5
2023-11-23 16:08:42,654 - Загаданное число: 4
2023-11-23 16:08:44,473 - Попытка пользовотеля: 5
2023-11-23 16:08:44,474 - Загаданное число меньше введенного чсла пользователя.
2023-11-23 16:08:47,381 - Попытка пользовотеля: 2
2023-11-23 16:08:47,381 - Загаданное число больше введенного чсла пользователя.
2023-11-23 16:08:50,500 - Попытка пользовотеля: 4
2023-11-23 16:08:50,500 - Пользователь угадал число.
2023-11-23 16:10:36,876 - Введена верхняя граница N: -1
2023-11-23 16:10:36,877 - Введенно количество попыток k: 1
2023-11-23 16:10:36,877 - Начинаем игру с  N=-1 и k=1
2023-11-23 16:10:36,877 - Ошибка ввода.
2023-11-23 16:11:38,345 - Введена верхняя граница N: -1213
2023-11-23 16:11:38,347 - Введенно количество попыток k: 123
2023-11-23 16:11:38,348 - Начинаем игру с  N=-1213 и k=123
2023-11-23 16:11:38,348 - Ошибка ввода.
